0 info it worked if it ends with ok
1 verbose cli [ '/usr/local/Cellar/node/0.12.7/bin/node',
1 verbose cli   '/usr/local/bin/npm',
1 verbose cli   'run',
1 verbose cli   'dev' ]
2 info using npm@3.8.6
3 info using node@v5.4.1
4 verbose run-script [ 'predev', 'dev', 'postdev' ]
5 info lifecycle get-together@1.0.0~predev: get-together@1.0.0
6 silly lifecycle get-together@1.0.0~predev: no script for predev, continuing
7 info lifecycle get-together@1.0.0~dev: get-together@1.0.0
8 verbose lifecycle get-together@1.0.0~dev: unsafe-perm in lifecycle true
9 verbose lifecycle get-together@1.0.0~dev: PATH: /usr/local/lib/node_modules/npm/bin/node-gyp-bin:/Development/Personal/pokos-get-together/node_modules/.bin:/usr/local/Cellar/node/0.12.7/bin:/usr/local/bin:/usr/bin:/bin:/usr/sbin:/sbin:/Development/android-sdk/platform-tools:/Development/android-sdk/tools
10 verbose lifecycle get-together@1.0.0~dev: CWD: /Development/Personal/pokos-get-together
11 silly lifecycle get-together@1.0.0~dev: Args: [ '-c', 'node server.js --testing' ]
12 silly lifecycle get-together@1.0.0~dev: Returned: code: 1  signal: null
13 info lifecycle get-together@1.0.0~dev: Failed to exec dev script
14 verbose stack Error: get-together@1.0.0 dev: `node server.js --testing`
14 verbose stack Exit status 1
14 verbose stack     at EventEmitter.<anonymous> (/usr/local/lib/node_modules/npm/lib/utils/lifecycle.js:239:16)
14 verbose stack     at emitTwo (events.js:87:13)
14 verbose stack     at EventEmitter.emit (events.js:172:7)
14 verbose stack     at ChildProcess.<anonymous> (/usr/local/lib/node_modules/npm/lib/utils/spawn.js:24:14)
14 verbose stack     at emitTwo (events.js:87:13)
14 verbose stack     at ChildProcess.emit (events.js:172:7)
14 verbose stack     at maybeClose (internal/child_process.js:821:16)
14 verbose stack     at Process.ChildProcess._handle.onexit (internal/child_process.js:211:5)
15 verbose pkgid get-together@1.0.0
16 verbose cwd /Development/Personal/pokos-get-together
17 error Darwin 14.5.0
18 error argv "/usr/local/Cellar/node/0.12.7/bin/node" "/usr/local/bin/npm" "run" "dev"
19 error node v5.4.1
20 error npm  v3.8.6
21 error code ELIFECYCLE
22 error get-together@1.0.0 dev: `node server.js --testing`
22 error Exit status 1
23 error Failed at the get-together@1.0.0 dev script 'node server.js --testing'.
23 error Make sure you have the latest version of node.js and npm installed.
23 error If you do, this is most likely a problem with the get-together package,
23 error not with npm itself.
23 error Tell the author that this fails on your system:
23 error     node server.js --testing
23 error You can get information on how to open an issue for this project with:
23 error     npm bugs get-together
23 error Or if that isn't available, you can get their info via:
23 error     npm owner ls get-together
23 error There is likely additional logging output above.
24 verbose exit [ 1, true ]
